<?xml version="1.0" encoding="UTF-8"?>
<!-- Generated by org.testng.reporters.JUnitReportReporter -->
<testsuite hostname="admins-MacBook-Pro.local" failures="0" tests="1" name="testpkg.RegistrationTest" time="3.474" errors="0" timestamp="2025-06-13T12:42:08 IST" skipped="0">
  <testcase classname="testpkg.RegistrationTest" name="test" time="3.474"/>
</testsuite> <!-- testpkg.RegistrationTest -->
