<?xml version="1.0" encoding="UTF-8"?>
<!-- Generated by org.testng.reporters.JUnitReportReporter -->
<testsuite hostname="admins-MacBook-Pro.local" failures="0" tests="1" name="testpkg.logintest" time="4.132" errors="0" timestamp="2025-06-13T12:39:44 IST" skipped="0">
  <testcase classname="testpkg.logintest" name="login" time="4.132"/>
</testsuite> <!-- testpkg.logintest -->
