<?xml version="1.0" encoding="UTF-8"?>
<!-- Generated by org.testng.reporters.JUnitReportReporter -->
<testsuite hostname="admins-MacBook-Pro.local" failures="0" tests="1" name="testpkg.BaseClass" time="2.247" errors="0" timestamp="2025-06-12T10:07:40 IST" skipped="0">
  <testcase classname="testpkg.BaseClass" name="test" time="2.247"/>
</testsuite> <!-- testpkg.BaseClass -->
