<?xml version="1.0" encoding="UTF-8"?>
<!-- Generated by org.testng.reporters.JUnitReportReporter -->
<testsuite hostname="admins-MacBook-Pro.local" failures="0" tests="1" name="testpkg.NavigationTest" time="2.510" errors="0" timestamp="2025-06-13T12:40:07 IST" skipped="0">
  <testcase classname="testpkg.NavigationTest" name="test" time="2.510"/>
</testsuite> <!-- testpkg.NavigationTest -->
